> Task :game-client:compileJava UP-TO-DATE
> Task :game-client:processResources UP-TO-DATE
> Task :game-client:classes UP-TO-DATE

> Task :game-client:run
SLF4J(W): No SLF4J providers were found.
SLF4J(W): Defaulting to no-operation (NOP) logger implementation
SLF4J(W): See https://www.slf4j.org/codes.html#noProviders for further details.
SLF4J(W): Class path contains SLF4J bindings targeting slf4j-api versions 1.7.x or earlier.
SLF4J(W): Ignoring binding found at [jar:file:/C:/Users/bob/.gradle/caches/modules-2/files-2.1/ch.qos.logback/logback-classic/1.2.9/7d495522b08a9a66084bf417e70eedf95ef706bc/logback-classic-1.2.9.jar!/org/slf4j/impl/StaticLoggerBinder.class]
SLF4J(W): See https://www.slf4j.org/codes.html#ignoredBindings for an explanation.

> Task :game-client:run FAILED

FAILURE: Build failed with an exception.

* What went wrong:
Execution failed for task ':game-client:run'.
> Process 'command 'C:\Users\bob\.gradle\jdks\eclipse_adoptium-11-amd64-windows.2\bin\java.exe'' finished with non-zero exit value -1

* Try:
> Run with --stacktrace option to get the stack trace.
> Run with --info or --debug option to get more log output.
> Run with --scan to get full insights.
> Get more help at https://help.gradle.org.

BUILD FAILED in 13s
3 actionable tasks: 1 executed, 2 up-to-date
