> Task :game-server:checkKotlinGradlePluginConfigurationErrors SKIPPED
> Task :game-server:compileKotlin UP-TO-DATE
> Task :game-server:compileJava UP-TO-DATE
> Task :game-server:generateRebelMain UP-TO-DATE
> Task :game-server:processResources UP-TO-DATE
> Task :game-server:classes UP-TO-DATE

> Task :game-server:run
[37mJun 1,' 2026 5:25:34 com.osroyale.Starter [Starter]
INFO: Tarnish is running (client version 12)
[m[37mJun 1,' 2026 5:25:34 com.osroyale.Starter [Starter]
INFO: Game Engine=Sequential
[m[37mJun 1,' 2026 5:25:35 com.osroyale.fs.cache.decoder.ObjectDefinitionDecoder [Starter]
INFO: Loading object definitions.
[m[37mJun 1,' 2026 5:25:35 com.osroyale.fs.cache.decoder.ObjectDefinitionDecoder [Starter]
INFO: Loaded 50046 object definitions.
[m[37mJun 1,' 2026 5:25:35 com.osroyale.fs.cache.decoder.MapDefinitionDecoder [Starter]
INFO: Loading region definitions.
[m[37mJun 1,' 2026 5:25:35 com.osroyale.fs.cache.decoder.MapDefinitionDecoder [Starter]
INFO: Loaded 2179 region definitions.
[m[37mJun 1,' 2026 5:25:35 com.osroyale.fs.cache.decoder.RegionDecoder [Starter]
INFO: Loading regional map data.
[m[37mJun 1,' 2026 5:25:36 com.osroyale.fs.cache.decoder.RegionDecoder [Starter]
INFO: Loaded 2179 regions, skipped 0 maps.
[m[37mJun 1,' 2026 5:25:36 com.osroyale.fs.cache.decoder.AnimationDefinitionDecoder [Starter]
INFO: Loading animation definitions.
[m[37mJun 1,' 2026 5:25:36 com.osroyale.fs.cache.decoder.AnimationDefinitionDecoder [Starter]
INFO: Loaded 10678 animation definitions.
[m[37mJun 1,' 2026 5:25:39 com.osroyale.game.world.entity.combat.attack.listener.CombatListenerManager [Starter]
INFO: Loaded: 60 item set combat listeners.
[m[37mJun 1,' 2026 5:25:39 com.osroyale.game.world.entity.combat.attack.listener.CombatListenerManager [Starter]
INFO: Loaded: 86 npc combat listeners.
[m[37mJun 1,' 2026 5:25:39 com.osroyale.util.parser.GenericParser [Starter]
INFO: Loaded: 3511 npc spawns.
[m[37mJun 1,' 2026 5:25:39 com.osroyale.content.shootingstar.ShootingStar [Starter]
INFO: Loaded Shooting Stars event.
[m[33;1mJun 1,' 2026 5:25:39 com.osroyale.util.parser.GsonParser [pool-2-thread-11]
WARN: json document=.\data\content\game\world.json is null
[m[37mJun 1,' 2026 5:25:39 com.osroyale.util.parser.GenericParser [pool-2-thread-11]
INFO: Loaded: 0 world.
[m[37mJun 1,' 2026 5:25:40 com.osroyale.Starter [Starter]
INFO: Startup service finished
[m[37mJun 1,' 2026 5:25:42 com.osroyale.content.lms.loadouts.LMSLoadoutManager [Starter]
INFO: Loaded: 3 lms loadouts.
[m[37mJun 1,' 2026 5:25:42 com.osroyale.game.plugin.PluginManager [Starter]
INFO: Loaded: 133 plugins.
[m[37mJun 1,' 2026 5:25:42 com.osroyale.Starter [Starter]
INFO: Game service started
[m[37mJun 1,' 2026 5:25:42 com.osroyale.Starter [Starter]
INFO: Events have been scheduled
[mDouble Experience Job: Mon Jun 01 18:00:00 PDT 2026
[37mJun 1,' 2026 5:25:42 com.osroyale.game.service.NetworkService [Starter]
INFO: Starting network service on port: 43594
[m[37mJun 1,' 2026 5:25:42 com.osroyale.game.service.NetworkService [Starter]
INFO: Server built successfully (took 8 seconds).
[mstarLocation.starPosition pos[x=3053, y=3301, z=0]
