
C:\Users\bob\IdeaProjects\tarnishjirafork>if "Windows_NT" == "Windows_NT" setlocal

C:\Users\bob\IdeaProjects\tarnishjirafork>set DIRNAME=C:\Users\bob\IdeaProjects\tarnishjirafork\ 

C:\Users\bob\IdeaProjects\tarnishjirafork>if "C:\Users\bob\IdeaProjects\tarnishjirafork\" == "" set DIRNAME=. 

C:\Users\bob\IdeaProjects\tarnishjirafork>set APP_BASE_NAME=gradlew 

C:\Users\bob\IdeaProjects\tarnishjirafork>set APP_HOME=C:\Users\bob\IdeaProjects\tarnishjirafork\ 

C:\Users\bob\IdeaProjects\tarnishjirafork>for %i in ("C:\Users\bob\IdeaProjects\tarnishjirafork\") do set APP_HOME=%~fi 

C:\Users\bob\IdeaProjects\tarnishjirafork>set APP_HOME=C:\Users\bob\IdeaProjects\tarnishjirafork\ 

C:\Users\bob\IdeaProjects\tarnishjirafork>set DEFAULT_JVM_OPTS="-Xmx64m" "-Xms64m" 

C:\Users\bob\IdeaProjects\tarnishjirafork>if defined JAVA_HOME goto findJavaFromJavaHome 

C:\Users\bob\IdeaProjects\tarnishjirafork>set JAVA_HOME=C:\Program Files\Eclipse Adoptium\jdk-19.0.2.7-hotspot\ 

C:\Users\bob\IdeaProjects\tarnishjirafork>set JAVA_EXE=C:\Program Files\Eclipse Adoptium\jdk-19.0.2.7-hotspot\/bin/java.exe 

C:\Users\bob\IdeaProjects\tarnishjirafork>if exist "C:\Program Files\Eclipse Adoptium\jdk-19.0.2.7-hotspot\/bin/java.exe" goto execute 

C:\Users\bob\IdeaProjects\tarnishjirafork>set CLASSPATH= 

C:\Users\bob\IdeaProjects\tarnishjirafork>"C:\Program Files\Eclipse Adoptium\jdk-19.0.2.7-hotspot\/bin/java.exe" "-Xmx64m" "-Xms64m"   "-Dorg.gradle.appname=gradlew" -classpath "" -jar "C:\Users\bob\IdeaProjects\tarnishjirafork\\gradle\wrapper\gradle-wrapper.jar" :game-client:run 
> Task :game-client:compileJava UP-TO-DATE
> Task :game-client:processResources UP-TO-DATE
> Task :game-client:classes UP-TO-DATE

> Task :game-client:run
17:40:51.535 [main] INFO  net.runelite.client.RuneLite - RuneLite runelite-1.8.19-SNAPSHOT (launcher version unknown) starting up, args: none
17:40:51.554 [main] INFO  net.runelite.client.RuneLite - Java VM arguments: -XX:-OmitStackTraceInFastThrow -Xms1g -Xmx2g -Dfile.encoding=UTF-8 -Duser.country=US -Duser.language=en -Duser.variant
17:40:52.158 [main] INFO  n.r.client.account.SessionManager - No session file exists
17:40:52.519 [pool-1-thread-1] WARN  net.runelite.client.game.ItemClient - Error looking up prices: Response{protocol=h2, code=403, message=, url=https://api.runelite.net/runelite-1.8.19-SNAPSHOT/item/prices.js}
17:40:52.551 [pool-1-thread-1] WARN  net.runelite.client.game.ItemClient - Error looking up item stats: Response{protocol=h2, code=403, message=, url=https://static.runelite.net/item/stats.ids.min.json}
17:40:52.901 [main] INFO  n.r.client.discord.DiscordService - Initializing Discord RPC service.
14 sprites loaded.
17:40:53.103 [main] INFO  net.runelite.client.RuneLite - Client initialization took 1549ms. Uptime: 2454ms
4460 OSRS SPRITES!
underlayAmount=187
overlayAmount=304
highest NPC=12629
graphicCount=2636
new_boxes_index: 40580, SARA_STRIKE
new_boxes_index: 40590, GUTHIX_CLAWS
new_boxes_index: 40600, ZAMORAK_FLAMES

BUILD SUCCESSFUL in 1m 3s
3 actionable tasks: 1 executed, 2 up-to-date

C:\Users\bob\IdeaProjects\tarnishjirafork>if 0 EQU 0 goto mainEnd 

C:\Users\bob\IdeaProjects\tarnishjirafork>if "Windows_NT" == "Windows_NT" endlocal
